<?xml version="1.0" encoding="UTF-8"?>
<!-- Generated by org.testng.reporters.JUnitReportReporter -->
<testsuite skipped="0" hostname="L-4039" name="hello.WordControllerTest" tests="1" failures="0" timestamp="04 Dec 2018 17:02:23 GMT" time="2.320" errors="0">
  <testcase name="testStatusCode" time="2.320" classname="hello.WordControllerTest"/>
</testsuite> <!-- hello.WordControllerTest -->
